2018-04-23 09:09:44.133 [main] INFO  org.mongodb.driver.cluster -Cluster created with settings {hosts=[120.197.17.151:22001], mode=SINGLE, requiredClusterType=UNKNOWN, serverSelectionTimeout='30000 ms', maxWaitQueueSize=500}
2018-04-23 09:09:44.284 [main] INFO  org.mongodb.driver.cluster -Cluster created with settings {hosts=[120.197.17.151:22001], mode=SINGLE, requiredClusterType=UNKNOWN, serverSelectionTimeout='30000 ms', maxWaitQueueSize=500}
2018-04-23 09:09:44.820 [main] INFO  com.bingosoft.web.ApiApplication -Starting ApiApplication on USER-20170406IU with PID 8836 (C:\Users\Administrator\Documents\workspace-sts-3.9.0.RELEASE\scmobile-wechat\scmobile-web\target\classes started by Administrator in C:\Users\Administrator\Documents\workspace-sts-3.9.0.RELEASE\scmobile-wechat\scmobile-web)
2018-04-23 09:09:44.820 [main] INFO  com.bingosoft.web.ApiApplication -No active profile set, falling back to default profiles: default
2018-04-23 09:09:44.840 [cluster-ClusterId{value='5add325829189e2284d0964d', description='null'}-120.197.17.151:22001] INFO  org.mongodb.driver.connection -Opened connection [connectionId{localValue:1, serverValue:261}] to 120.197.17.151:22001
2018-04-23 09:09:44.840 [cluster-ClusterId{value='5add325829189e2284d0964e', description='null'}-120.197.17.151:22001] INFO  org.mongodb.driver.connection -Opened connection [connectionId{localValue:2, serverValue:262}] to 120.197.17.151:22001
2018-04-23 09:09:44.901 [cluster-ClusterId{value='5add325829189e2284d0964d', description='null'}-120.197.17.151:22001] INFO  org.mongodb.driver.cluster -Monitor thread successfully connected to server with description ServerDescription{address=120.197.17.151:22001, type=STANDALONE, state=CONNECTED, ok=true, version=ServerVersion{versionList=[3, 4, 9]}, minWireVersion=0, maxWireVersion=5, maxDocumentSize=16777216, roundTripTimeNanos=46307918}
2018-04-23 09:09:44.901 [cluster-ClusterId{value='5add325829189e2284d0964e', description='null'}-120.197.17.151:22001] INFO  org.mongodb.driver.cluster -Monitor thread successfully connected to server with description ServerDescription{address=120.197.17.151:22001, type=STANDALONE, state=CONNECTED, ok=true, version=ServerVersion{versionList=[3, 4, 9]}, minWireVersion=0, maxWireVersion=5, maxDocumentSize=16777216, roundTripTimeNanos=48297339}
2018-04-23 09:09:45.031 [main] INFO  o.s.b.c.e.AnnotationConfigEmbeddedWebApplicationContext -Refreshing org.springframework.boot.context.embedded.AnnotationConfigEmbeddedWebApplicationContext@1a4927d6: startup date [Mon Apr 23 09:09:45 CST 2018]; root of context hierarchy
2018-04-23 09:09:48.308 [main] WARN  o.m.s.mapper.ClassPathMapperScanner -Skipping MapperFactoryBean with name 'gameInfoMapper' and 'com.bingosoft.persist.mysql.dao.GameInfoMapper' mapperInterface. Bean already defined with the same name!
2018-04-23 09:09:48.308 [main] WARN  o.m.s.mapper.ClassPathMapperScanner -Skipping MapperFactoryBean with name 'IAdInfoMapper' and 'com.bingosoft.persist.mysql.dao.IAdInfoMapper' mapperInterface. Bean already defined with the same name!
2018-04-23 09:09:48.308 [main] WARN  o.m.s.mapper.ClassPathMapperScanner -Skipping MapperFactoryBean with name 'IArticleCategoryMapper' and 'com.bingosoft.persist.mysql.dao.IArticleCategoryMapper' mapperInterface. Bean already defined with the same name!
2018-04-23 09:09:48.308 [main] WARN  o.m.s.mapper.ClassPathMapperScanner -Skipping MapperFactoryBean with name 'IArticleInfoMapper' and 'com.bingosoft.persist.mysql.dao.IArticleInfoMapper' mapperInterface. Bean already defined with the same name!
2018-04-23 09:09:48.308 [main] WARN  o.m.s.mapper.ClassPathMapperScanner -Skipping MapperFactoryBean with name 'IBrowseRecordsMapper' and 'com.bingosoft.persist.mysql.dao.IBrowseRecordsMapper' mapperInterface. Bean already defined with the same name!
2018-04-23 09:09:48.308 [main] WARN  o.m.s.mapper.ClassPathMapperScanner -Skipping MapperFactoryBean with name 'IGoodsCollectionMapper' and 'com.bingosoft.persist.mysql.dao.IGoodsCollectionMapper' mapperInterface. Bean already defined with the same name!
2018-04-23 09:09:48.308 [main] WARN  o.m.s.mapper.ClassPathMapperScanner -Skipping MapperFactoryBean with name 'IGoodsInfoMapper' and 'com.bingosoft.persist.mysql.dao.IGoodsInfoMapper' mapperInterface. Bean already defined with the same name!
2018-04-23 09:09:48.308 [main] WARN  o.m.s.mapper.ClassPathMapperScanner -Skipping MapperFactoryBean with name 'IGoodsMapper' and 'com.bingosoft.persist.mysql.dao.IGoodsMapper' mapperInterface. Bean already defined with the same name!
2018-04-23 09:09:48.308 [main] WARN  o.m.s.mapper.ClassPathMapperScanner -Skipping MapperFactoryBean with name 'IOrderMapper' and 'com.bingosoft.persist.mysql.dao.IOrderMapper' mapperInterface. Bean already defined with the same name!
2018-04-23 09:09:48.308 [main] WARN  o.m.s.mapper.ClassPathMapperScanner -Skipping MapperFactoryBean with name 'IOrderNewsMapper' and 'com.bingosoft.persist.mysql.dao.IOrderNewsMapper' mapperInterface. Bean already defined with the same name!
2018-04-23 09:09:48.308 [main] WARN  o.m.s.mapper.ClassPathMapperScanner -Skipping MapperFactoryBean with name 'IUserGradeMapper' and 'com.bingosoft.persist.mysql.dao.IUserGradeMapper' mapperInterface. Bean already defined with the same name!
2018-04-23 09:09:48.318 [main] WARN  o.m.s.mapper.ClassPathMapperScanner -Skipping MapperFactoryBean with name 'IBindUserByPartMapper' and 'com.bingosoft.persist.mycat.dao.IBindUserByPartMapper' mapperInterface. Bean already defined with the same name!
2018-04-23 09:09:48.318 [main] WARN  o.m.s.mapper.ClassPathMapperScanner -Skipping MapperFactoryBean with name 'IBrowseRecordsByPartMapper' and 'com.bingosoft.persist.mycat.dao.IBrowseRecordsByPartMapper' mapperInterface. Bean already defined with the same name!
2018-04-23 09:09:48.318 [main] WARN  o.m.s.mapper.ClassPathMapperScanner -Skipping MapperFactoryBean with name 'IGoodsCollectionByPartMapper' and 'com.bingosoft.persist.mycat.dao.IGoodsCollectionByPartMapper' mapperInterface. Bean already defined with the same name!
2018-04-23 09:09:48.318 [main] WARN  o.m.s.mapper.ClassPathMapperScanner -Skipping MapperFactoryBean with name 'IOrderByPartMapper' and 'com.bingosoft.persist.mycat.dao.IOrderByPartMapper' mapperInterface. Bean already defined with the same name!
2018-04-23 09:09:48.318 [main] WARN  o.m.s.mapper.ClassPathMapperScanner -Skipping MapperFactoryBean with name 'IOrderMycatTestMapper' and 'com.bingosoft.persist.mycat.dao.IOrderMycatTestMapper' mapperInterface. Bean already defined with the same name!
2018-04-23 09:09:48.318 [main] WARN  o.m.s.mapper.ClassPathMapperScanner -Skipping MapperFactoryBean with name 'IOrderNewsByPartMapper' and 'com.bingosoft.persist.mycat.dao.IOrderNewsByPartMapper' mapperInterface. Bean already defined with the same name!
2018-04-23 09:09:48.318 [main] WARN  o.m.s.mapper.ClassPathMapperScanner -Skipping MapperFactoryBean with name 'IUserBasicByPartMapper' and 'com.bingosoft.persist.mycat.dao.IUserBasicByPartMapper' mapperInterface. Bean already defined with the same name!
2018-04-23 09:09:48.318 [main] WARN  o.m.s.mapper.ClassPathMapperScanner -Skipping MapperFactoryBean with name 'IWxShareByPartMapper' and 'com.bingosoft.persist.mycat.dao.IWxShareByPartMapper' mapperInterface. Bean already defined with the same name!
2018-04-23 09:09:48.318 [main] WARN  o.m.s.mapper.ClassPathMapperScanner -No MyBatis mapper was found in '[com.bingosoft.persist.mysql.dao, com.bingosoft.persist.mycat.dao]' package. Please check your configuration.
2018-04-23 09:09:48.329 [main] INFO  o.s.d.r.c.RepositoryConfigurationDelegate -Multiple Spring Data modules found, entering strict repository configuration mode!
2018-04-23 09:09:48.751 [main] INFO  o.s.d.r.c.RepositoryConfigurationDelegate -Multiple Spring Data modules found, entering strict repository configuration mode!
2018-04-23 09:09:48.832 [main] INFO  o.s.d.r.c.RepositoryConfigurationDelegate -Multiple Spring Data modules found, entering strict repository configuration mode!
2018-04-23 09:09:49.707 [main] INFO  o.s.c.s.PostProcessorRegistrationDelegate$BeanPostProcessorChecker -Bean 'org.springframework.transaction.annotation.ProxyTransactionManagementConfiguration' of type [org.springframework.transaction.annotation.ProxyTransactionManagementConfiguration$$EnhancerBySpringCGLIB$$7f53abf3] is not eligible for getting processed by all BeanPostProcessors (for example: not eligible for auto-proxying)
2018-04-23 09:09:50.000 [main] INFO  o.s.c.s.PostProcessorRegistrationDelegate$BeanPostProcessorChecker -Bean 'redisCacheConfiguration' of type [com.bingosoft.web.config.RedisCacheConfiguration$$EnhancerBySpringCGLIB$$76257537] is not eligible for getting processed by all BeanPostProcessors (for example: not eligible for auto-proxying)
2018-04-23 09:09:50.000 [main] INFO  o.s.c.s.PostProcessorRegistrationDelegate$BeanPostProcessorChecker -Bean 'org.springframework.cache.jcache.config.ProxyJCacheConfiguration' of type [org.springframework.cache.jcache.config.ProxyJCacheConfiguration$$EnhancerBySpringCGLIB$$a19b6e71] is not eligible for getting processed by all BeanPostProcessors (for example: not eligible for auto-proxying)
2018-04-23 09:09:50.100 [main] INFO  o.s.c.s.PostProcessorRegistrationDelegate$BeanPostProcessorChecker -Bean 'org.springframework.cache.annotation.ProxyCachingConfiguration' of type [org.springframework.cache.annotation.ProxyCachingConfiguration$$EnhancerBySpringCGLIB$$c865e211] is not eligible for getting processed by all BeanPostProcessors (for example: not eligible for auto-proxying)
2018-04-23 09:09:50.130 [main] INFO  o.s.c.s.PostProcessorRegistrationDelegate$BeanPostProcessorChecker -Bean 'org.springframework.boot.autoconfigure.cache.CacheAutoConfiguration' of type [org.springframework.boot.autoconfigure.cache.CacheAutoConfiguration$$EnhancerBySpringCGLIB$$bcd9a6b5] is not eligible for getting processed by all BeanPostProcessors (for example: not eligible for auto-proxying)
2018-04-23 09:09:50.290 [main] INFO  o.s.c.s.PostProcessorRegistrationDelegate$BeanPostProcessorChecker -Bean 'spring.cache-org.springframework.boot.autoconfigure.cache.CacheProperties' of type [org.springframework.boot.autoconfigure.cache.CacheProperties] is not eligible for getting processed by all BeanPostProcessors (for example: not eligible for auto-proxying)
2018-04-23 09:09:50.310 [main] INFO  o.s.c.s.PostProcessorRegistrationDelegate$BeanPostProcessorChecker -Bean 'cacheManagerCustomizers' of type [org.springframework.boot.autoconfigure.cache.CacheManagerCustomizers] is not eligible for getting processed by all BeanPostProcessors (for example: not eligible for auto-proxying)
2018-04-23 09:09:50.320 [main] INFO  o.s.c.s.PostProcessorRegistrationDelegate$BeanPostProcessorChecker -Bean 'org.springframework.boot.autoconfigure.cache.JCacheCacheConfiguration' of type [org.springframework.boot.autoconfigure.cache.JCacheCacheConfiguration$$EnhancerBySpringCGLIB$$4d9cd65c] is not eligible for getting processed by all BeanPostProcessors (for example: not eligible for auto-proxying)
2018-04-23 09:09:50.385 [main] INFO  org.ehcache.xml.XmlConfiguration -Loading Ehcache XML configuration from /C:/Users/Administrator/Documents/workspace-sts-3.9.0.RELEASE/scmobile-wechat/scmobile-web/target/classes/ehcache.xml.
2018-04-23 09:09:52.057 [main] INFO  o.t.o.p.UpfrontAllocatingPageSource -Allocating 10.0MB in chunks
2018-04-23 09:09:52.113 [main] INFO  org.ehcache.core.EhcacheManager -Cache 'game_rule' created in Eh107InternalCacheManager.
2018-04-23 09:09:52.123 [main] INFO  o.t.o.p.UpfrontAllocatingPageSource -Allocating 10.0MB in chunks
2018-04-23 09:09:52.123 [main] INFO  org.ehcache.core.EhcacheManager -Cache 'goods_info' created in Eh107InternalCacheManager.
2018-04-23 09:09:52.133 [main] INFO  o.t.o.p.UpfrontAllocatingPageSource -Allocating 10.0MB in chunks
2018-04-23 09:09:52.143 [main] INFO  org.ehcache.core.EhcacheManager -Cache 'city' created in Eh107InternalCacheManager.
2018-04-23 09:09:52.153 [main] INFO  o.t.o.p.UpfrontAllocatingPageSource -Allocating 10.0MB in chunks
2018-04-23 09:09:52.163 [main] INFO  org.ehcache.core.EhcacheManager -Cache 'goods_info_prod' created in Eh107InternalCacheManager.
2018-04-23 09:09:52.166 [main] INFO  o.t.o.p.UpfrontAllocatingPageSource -Allocating 10.0MB in chunks
2018-04-23 09:09:52.173 [main] INFO  org.ehcache.core.EhcacheManager -Cache 'goods_pack' created in Eh107InternalCacheManager.
2018-04-23 09:09:52.177 [main] INFO  o.t.o.p.UpfrontAllocatingPageSource -Allocating 10.0MB in chunks
2018-04-23 09:09:52.182 [main] INFO  org.ehcache.core.EhcacheManager -Cache 'goods_cate_list' created in Eh107InternalCacheManager.
2018-04-23 09:09:52.182 [main] INFO  o.t.o.p.UpfrontAllocatingPageSource -Allocating 10.0MB in chunks
2018-04-23 09:09:52.192 [main] INFO  org.ehcache.core.EhcacheManager -Cache 'goods_cate' created in Eh107InternalCacheManager.
2018-04-23 09:09:52.192 [main] INFO  o.t.o.p.UpfrontAllocatingPageSource -Allocating 10.0MB in chunks
2018-04-23 09:09:52.202 [main] INFO  org.ehcache.core.EhcacheManager -Cache 'goods_sale' created in Eh107InternalCacheManager.
2018-04-23 09:09:52.202 [main] INFO  o.t.o.p.UpfrontAllocatingPageSource -Allocating 10.0MB in chunks
2018-04-23 09:09:52.212 [main] INFO  org.ehcache.core.EhcacheManager -Cache 'cate_id' created in Eh107InternalCacheManager.
2018-04-23 09:09:52.212 [main] INFO  o.t.o.p.UpfrontAllocatingPageSource -Allocating 10.0MB in chunks
2018-04-23 09:09:52.222 [main] INFO  org.ehcache.core.EhcacheManager -Cache 'goods_info_id' created in Eh107InternalCacheManager.
2018-04-23 09:09:52.222 [main] INFO  o.t.o.p.UpfrontAllocatingPageSource -Allocating 10.0MB in chunks
2018-04-23 09:09:52.222 [main] INFO  org.ehcache.core.EhcacheManager -Cache 'hot_goods_cate' created in Eh107InternalCacheManager.
2018-04-23 09:09:52.302 [main] INFO  org.ehcache.jsr107.Eh107CacheManager -Registering Ehcache MBean javax.cache:type=CacheStatistics,CacheManager=file./C./Users/Administrator/Documents/workspace-sts-3.9.0.RELEASE/scmobile-wechat/scmobile-web/target/classes/ehcache.xml,Cache=game_rule
2018-04-23 09:09:52.302 [main] INFO  org.ehcache.jsr107.Eh107CacheManager -Registering Ehcache MBean javax.cache:type=CacheStatistics,CacheManager=file./C./Users/Administrator/Documents/workspace-sts-3.9.0.RELEASE/scmobile-wechat/scmobile-web/target/classes/ehcache.xml,Cache=goods_cate_list
2018-04-23 09:09:52.302 [main] INFO  org.ehcache.jsr107.Eh107CacheManager -Registering Ehcache MBean javax.cache:type=CacheStatistics,CacheManager=file./C./Users/Administrator/Documents/workspace-sts-3.9.0.RELEASE/scmobile-wechat/scmobile-web/target/classes/ehcache.xml,Cache=goods_info
2018-04-23 09:09:52.302 [main] INFO  org.ehcache.jsr107.Eh107CacheManager -Registering Ehcache MBean javax.cache:type=CacheStatistics,CacheManager=file./C./Users/Administrator/Documents/workspace-sts-3.9.0.RELEASE/scmobile-wechat/scmobile-web/target/classes/ehcache.xml,Cache=goods_info_prod
2018-04-23 09:09:52.302 [main] INFO  org.ehcache.jsr107.Eh107CacheManager -Registering Ehcache MBean javax.cache:type=CacheStatistics,CacheManager=file./C./Users/Administrator/Documents/workspace-sts-3.9.0.RELEASE/scmobile-wechat/scmobile-web/target/classes/ehcache.xml,Cache=goods_pack
2018-04-23 09:09:52.302 [main] INFO  org.ehcache.jsr107.Eh107CacheManager -Registering Ehcache MBean javax.cache:type=CacheStatistics,CacheManager=file./C./Users/Administrator/Documents/workspace-sts-3.9.0.RELEASE/scmobile-wechat/scmobile-web/target/classes/ehcache.xml,Cache=city
2018-04-23 09:09:52.302 [main] INFO  org.ehcache.jsr107.Eh107CacheManager -Registering Ehcache MBean javax.cache:type=CacheStatistics,CacheManager=file./C./Users/Administrator/Documents/workspace-sts-3.9.0.RELEASE/scmobile-wechat/scmobile-web/target/classes/ehcache.xml,Cache=goods_cate
2018-04-23 09:09:52.302 [main] INFO  org.ehcache.jsr107.Eh107CacheManager -Registering Ehcache MBean javax.cache:type=CacheStatistics,CacheManager=file./C./Users/Administrator/Documents/workspace-sts-3.9.0.RELEASE/scmobile-wechat/scmobile-web/target/classes/ehcache.xml,Cache=goods_sale
2018-04-23 09:09:52.302 [main] INFO  org.ehcache.jsr107.Eh107CacheManager -Registering Ehcache MBean javax.cache:type=CacheStatistics,CacheManager=file./C./Users/Administrator/Documents/workspace-sts-3.9.0.RELEASE/scmobile-wechat/scmobile-web/target/classes/ehcache.xml,Cache=goods_info_id
2018-04-23 09:09:52.302 [main] INFO  org.ehcache.jsr107.Eh107CacheManager -Registering Ehcache MBean javax.cache:type=CacheStatistics,CacheManager=file./C./Users/Administrator/Documents/workspace-sts-3.9.0.RELEASE/scmobile-wechat/scmobile-web/target/classes/ehcache.xml,Cache=cate_id
2018-04-23 09:09:52.302 [main] INFO  org.ehcache.jsr107.Eh107CacheManager -Registering Ehcache MBean javax.cache:type=CacheStatistics,CacheManager=file./C./Users/Administrator/Documents/workspace-sts-3.9.0.RELEASE/scmobile-wechat/scmobile-web/target/classes/ehcache.xml,Cache=hot_goods_cate
2018-04-23 09:09:52.312 [main] INFO  o.s.c.s.PostProcessorRegistrationDelegate$BeanPostProcessorChecker -Bean 'jCacheCacheManager' of type [org.ehcache.jsr107.Eh107CacheManager] is not eligible for getting processed by all BeanPostProcessors (for example: not eligible for auto-proxying)
2018-04-23 09:09:52.322 [main] INFO  org.ehcache.jsr107.Eh107CacheManager -Registering Ehcache MBean javax.cache:type=CacheStatistics,CacheManager=file./C./Users/Administrator/Documents/workspace-sts-3.9.0.RELEASE/scmobile-wechat/scmobile-web/target/classes/ehcache.xml,Cache=game_rule
2018-04-23 09:09:52.322 [main] INFO  org.ehcache.jsr107.Eh107CacheManager -Registering Ehcache MBean javax.cache:type=CacheStatistics,CacheManager=file./C./Users/Administrator/Documents/workspace-sts-3.9.0.RELEASE/scmobile-wechat/scmobile-web/target/classes/ehcache.xml,Cache=goods_cate_list
2018-04-23 09:09:52.322 [main] INFO  org.ehcache.jsr107.Eh107CacheManager -Registering Ehcache MBean javax.cache:type=CacheStatistics,CacheManager=file./C./Users/Administrator/Documents/workspace-sts-3.9.0.RELEASE/scmobile-wechat/scmobile-web/target/classes/ehcache.xml,Cache=goods_info
2018-04-23 09:09:52.322 [main] INFO  org.ehcache.jsr107.Eh107CacheManager -Registering Ehcache MBean javax.cache:type=CacheStatistics,CacheManager=file./C./Users/Administrator/Documents/workspace-sts-3.9.0.RELEASE/scmobile-wechat/scmobile-web/target/classes/ehcache.xml,Cache=goods_info_prod
2018-04-23 09:09:52.322 [main] INFO  org.ehcache.jsr107.Eh107CacheManager -Registering Ehcache MBean javax.cache:type=CacheStatistics,CacheManager=file./C./Users/Administrator/Documents/workspace-sts-3.9.0.RELEASE/scmobile-wechat/scmobile-web/target/classes/ehcache.xml,Cache=goods_pack
2018-04-23 09:09:52.322 [main] INFO  org.ehcache.jsr107.Eh107CacheManager -Registering Ehcache MBean javax.cache:type=CacheStatistics,CacheManager=file./C./Users/Administrator/Documents/workspace-sts-3.9.0.RELEASE/scmobile-wechat/scmobile-web/target/classes/ehcache.xml,Cache=city
2018-04-23 09:09:52.322 [main] INFO  org.ehcache.jsr107.Eh107CacheManager -Registering Ehcache MBean javax.cache:type=CacheStatistics,CacheManager=file./C./Users/Administrator/Documents/workspace-sts-3.9.0.RELEASE/scmobile-wechat/scmobile-web/target/classes/ehcache.xml,Cache=goods_cate
2018-04-23 09:09:52.322 [main] INFO  org.ehcache.jsr107.Eh107CacheManager -Registering Ehcache MBean javax.cache:type=CacheStatistics,CacheManager=file./C./Users/Administrator/Documents/workspace-sts-3.9.0.RELEASE/scmobile-wechat/scmobile-web/target/classes/ehcache.xml,Cache=goods_sale
2018-04-23 09:09:52.322 [main] INFO  org.ehcache.jsr107.Eh107CacheManager -Registering Ehcache MBean javax.cache:type=CacheStatistics,CacheManager=file./C./Users/Administrator/Documents/workspace-sts-3.9.0.RELEASE/scmobile-wechat/scmobile-web/target/classes/ehcache.xml,Cache=goods_info_id
2018-04-23 09:09:52.322 [main] INFO  org.ehcache.jsr107.Eh107CacheManager -Registering Ehcache MBean javax.cache:type=CacheStatistics,CacheManager=file./C./Users/Administrator/Documents/workspace-sts-3.9.0.RELEASE/scmobile-wechat/scmobile-web/target/classes/ehcache.xml,Cache=cate_id
2018-04-23 09:09:52.322 [main] INFO  org.ehcache.jsr107.Eh107CacheManager -Registering Ehcache MBean javax.cache:type=CacheStatistics,CacheManager=file./C./Users/Administrator/Documents/workspace-sts-3.9.0.RELEASE/scmobile-wechat/scmobile-web/target/classes/ehcache.xml,Cache=hot_goods_cate
2018-04-23 09:09:52.332 [main] INFO  o.s.c.s.PostProcessorRegistrationDelegate$BeanPostProcessorChecker -Bean 'cacheManager' of type [org.springframework.cache.jcache.JCacheCacheManager] is not eligible for getting processed by all BeanPostProcessors (for example: not eligible for auto-proxying)
2018-04-23 09:09:52.332 [main] INFO  o.s.c.s.PostProcessorRegistrationDelegate$BeanPostProcessorChecker -Bean 'cacheAutoConfigurationValidator' of type [org.springframework.boot.autoconfigure.cache.CacheAutoConfiguration$CacheManagerValidator] is not eligible for getting processed by all BeanPostProcessors (for example: not eligible for auto-proxying)
2018-04-23 09:09:53.144 [main] INFO  org.xnio -XNIO version 3.3.8.Final
2018-04-23 09:09:53.185 [main] INFO  org.xnio.nio -XNIO NIO Implementation Version 3.3.8.Final
2018-04-23 09:09:53.365 [main] WARN  io.undertow.websockets.jsr -UT026009: XNIO worker was not set on WebSocketDeploymentInfo, the default worker will be used
2018-04-23 09:09:53.365 [main] WARN  io.undertow.websockets.jsr -UT026010: Buffer pool was not set on WebSocketDeploymentInfo, the default pool will be used
2018-04-23 09:09:53.479 [main] INFO  io.undertow.servlet -Initializing Spring embedded WebApplicationContext
2018-04-23 09:09:53.479 [main] INFO  o.s.web.context.ContextLoader -Root WebApplicationContext: initialization completed in 8448 ms
2018-04-23 09:09:53.701 [main] INFO  o.s.b.w.s.ServletRegistrationBean -Mapping servlet: 'dispatcherServlet' to [/]
2018-04-23 09:09:53.721 [main] INFO  o.s.b.w.s.FilterRegistrationBean -Mapping filter: 'characterEncodingFilter' to: [/*]
2018-04-23 09:09:53.721 [main] INFO  o.s.b.w.s.FilterRegistrationBean -Mapping filter: 'corsFilter' to: [/*]
2018-04-23 09:09:56.949 [main] INFO  o.s.o.j.LocalContainerEntityManagerFactoryBean -Building JPA container EntityManagerFactory for persistence unit 'default'
2018-04-23 09:09:56.970 [main] INFO  o.h.jpa.internal.util.LogHelper -HHH000204: Processing PersistenceUnitInfo [
	name: default
	...]
2018-04-23 09:09:57.120 [main] INFO  org.hibernate.Version -HHH000412: Hibernate Core {5.0.12.Final}
2018-04-23 09:09:57.120 [main] INFO  org.hibernate.cfg.Environment -HHH000206: hibernate.properties not found
2018-04-23 09:09:57.120 [main] INFO  org.hibernate.cfg.Environment -HHH000021: Bytecode provider name : javassist
2018-04-23 09:09:57.609 [main] INFO  o.h.annotations.common.Version -HCANN000001: Hibernate Commons Annotations {5.0.1.Final}
2018-04-23 09:09:58.070 [main] INFO  org.hibernate.dialect.Dialect -HHH000400: Using dialect: org.hibernate.dialect.MySQL5Dialect
2018-04-23 09:09:58.480 [main] INFO  o.s.o.j.LocalContainerEntityManagerFactoryBean -Initialized JPA EntityManagerFactory for persistence unit 'default'
2018-04-23 09:09:58.640 [main] INFO  org.mongodb.driver.cluster -Cluster created with settings {hosts=[120.197.17.151:22001], mode=SINGLE, requiredClusterType=UNKNOWN, serverSelectionTimeout='30000 ms', maxWaitQueueSize=500}
2018-04-23 09:09:58.845 [cluster-ClusterId{value='5add326629189e2284d0964f', description='null'}-120.197.17.151:22001] INFO  org.mongodb.driver.connection -Opened connection [connectionId{localValue:3, serverValue:263}] to 120.197.17.151:22001
2018-04-23 09:09:58.890 [cluster-ClusterId{value='5add326629189e2284d0964f', description='null'}-120.197.17.151:22001] INFO  org.mongodb.driver.cluster -Monitor thread successfully connected to server with description ServerDescription{address=120.197.17.151:22001, type=STANDALONE, state=CONNECTED, ok=true, version=ServerVersion{versionList=[3, 4, 9]}, minWireVersion=0, maxWireVersion=5, maxDocumentSize=16777216, roundTripTimeNanos=44365538}
2018-04-23 09:10:00.467 [main] INFO  com.bingosoft.web.config.RedisConfig -JedisConnectionFactory bean init success.
2018-04-23 09:10:05.790 [main] INFO  o.s.w.s.m.m.a.RequestMappingHandlerMapping -Mapped "{[/rest/api/v1/appUser],methods=[POST]}" onto public com.bingosoft.models.msg.ResponseMessage<com.bingosoft.models.dto.BindUserInfoOutputDto> com.bingosoft.web.controller.AuthController.AppAuth(javax.servlet.http.HttpServletRequest) throws com.bingosoft.web.exception.WechatException
2018-04-23 09:10:05.800 [main] INFO  o.s.w.s.m.m.a.RequestMappingHandlerMapping -Mapped "{[/goods/api/v1/getUserInfo],methods=[GET]}" onto public com.bingosoft.models.msg.ResponseMessage<com.bingosoft.models.dto.UserInfoOutputDto> com.bingosoft.web.controller.GoodsController.getUserInfo(javax.servlet.http.HttpServletRequest)
2018-04-23 09:10:05.800 [main] INFO  o.s.w.s.m.m.a.RequestMappingHandlerMapping -Mapped "{[/goods/api/v1/getGoodsInfo],methods=[GET]}" onto public com.bingosoft.models.msg.ResponseMessage<com.bingosoft.models.dto.GoodsItemInfoOutputDto> com.bingosoft.web.controller.GoodsController.getGoodsInfo(int)
2018-04-23 09:10:05.800 [main] INFO  o.s.w.s.m.m.a.RequestMappingHandlerMapping -Mapped "{[/goods/api/v1/getAdList],methods=[GET]}" onto public com.bingosoft.models.msg.ResponseMessage<java.util.List<com.bingosoft.models.dto.AdInfoOutputDto>> com.bingosoft.web.controller.GoodsController.getAdList(int)
2018-04-23 09:10:05.800 [main] INFO  o.s.w.s.m.m.a.RequestMappingHandlerMapping -Mapped "{[/goods/api/v1/getArticleList],methods=[GET]}" onto public com.bingosoft.models.msg.ResponseMessage<java.util.List<com.bingosoft.models.dto.ArticleOutputDto>> com.bingosoft.web.controller.GoodsController.getArticleList(int,int,int,int)
2018-04-23 09:10:05.800 [main] INFO  o.s.w.s.m.m.a.RequestMappingHandlerMapping -Mapped "{[/goods/api/v1/getArticleInfo],methods=[GET]}" onto public com.bingosoft.models.msg.ResponseMessage<com.bingosoft.models.dto.ArticleInfoItemOutputDto> com.bingosoft.web.controller.GoodsController.getArticleInfo(int)
2018-04-23 09:10:05.800 [main] INFO  o.s.w.s.m.m.a.RequestMappingHandlerMapping -Mapped "{[/goods/api/v1/getOrderDetail],methods=[GET]}" onto public com.bingosoft.models.msg.ResponseMessage<com.bingosoft.models.dto.OrderDetailOutputDto> com.bingosoft.web.controller.GoodsController.getOrderDetail(long)
2018-04-23 09:10:05.800 [main] INFO  o.s.w.s.m.m.a.RequestMappingHandlerMapping -Mapped "{[/goods/api/v1/getBrowseRecords],methods=[GET]}" onto public com.bingosoft.models.msg.ResponseMessage<java.util.List<com.bingosoft.models.dto.BrowseRecords2MonthOutputDto>> com.bingosoft.web.controller.GoodsController.getBrowseRecords(javax.servlet.http.HttpServletRequest,int,int)
2018-04-23 09:10:05.800 [main] INFO  o.s.w.s.m.m.a.RequestMappingHandlerMapping -Mapped "{[/goods/api/v1/addBrowseRecords],methods=[POST]}" onto public com.bingosoft.models.msg.BaseMessage com.bingosoft.web.controller.GoodsController.addBrowseRecords(javax.servlet.http.HttpServletRequest,com.bingosoft.models.dto.BrowseInputDto)
2018-04-23 09:10:05.800 [main] INFO  o.s.w.s.m.m.a.RequestMappingHandlerMapping -Mapped "{[/goods/api/v1/getUserMoney],methods=[GET]}" onto public com.bingosoft.models.msg.ResponseMessage<com.bingosoft.models.dto.UserBalance> com.bingosoft.web.controller.GoodsController.getUserMoney(javax.servlet.http.HttpServletRequest)
2018-04-23 09:10:05.800 [main] INFO  o.s.w.s.m.m.a.RequestMappingHandlerMapping -Mapped "{[/goods/api/v1/getCategoryId],methods=[GET]}" onto public com.bingosoft.models.msg.ResponseMessage<com.bingosoft.models.dto.GoodsCategoryIdOutputDto> com.bingosoft.web.controller.GoodsController.getCategoryId(int)
2018-04-23 09:10:05.810 [main] INFO  o.s.w.s.m.m.a.RequestMappingHandlerMapping -Mapped "{[/goods/api/v1/orderGoods],methods=[POST]}" onto public com.bingosoft.models.msg.BaseMessage com.bingosoft.web.controller.GoodsController.orderGoods(javax.servlet.http.HttpServletRequest,com.bingosoft.models.input.dto.OrderInputDto)
2018-04-23 09:10:05.810 [main] INFO  o.s.w.s.m.m.a.RequestMappingHandlerMapping -Mapped "{[/goods/api/v1/getOrderList],methods=[GET]}" onto public com.bingosoft.models.msg.ResponseMessage<java.util.List<com.bingosoft.models.dto.OrderItemListOutputDto>> com.bingosoft.web.controller.GoodsController.getOrderList(javax.servlet.http.HttpServletRequest,int,int)
2018-04-23 09:10:05.810 [main] INFO  o.s.w.s.m.m.a.RequestMappingHandlerMapping -Mapped "{[/goods/api/v1/getNewsList],methods=[GET]}" onto public com.bingosoft.models.msg.ResponseMessage<java.util.List<com.bingosoft.models.dto.OrderNewListOutputDto>> com.bingosoft.web.controller.GoodsController.getNewsList(javax.servlet.http.HttpServletRequest,int,int)
2018-04-23 09:10:05.810 [main] INFO  o.s.w.s.m.m.a.RequestMappingHandlerMapping -Mapped "{[/goods/api/v1/getNewItem],methods=[GET]}" onto public com.bingosoft.models.msg.ResponseMessage<com.bingosoft.models.dto.OrderNewItemOutputDto> com.bingosoft.web.controller.GoodsController.getNewsItem(long)
2018-04-23 09:10:05.810 [main] INFO  o.s.w.s.m.m.a.RequestMappingHandlerMapping -Mapped "{[/goods/api/v1/getJsSignature],methods=[POST]}" onto public com.bingosoft.models.msg.ResponseMessage<com.bingosoft.models.dto.JsSignatureDto> com.bingosoft.web.controller.GoodsController.getJsSignature(javax.servlet.http.HttpServletRequest,com.bingosoft.models.input.dto.SignatureUrlInputDto) throws com.bingosoft.web.exception.WechatException
2018-04-23 09:10:05.810 [main] INFO  o.s.w.s.m.m.a.RequestMappingHandlerMapping -Mapped "{[/goods/api/v1/getCmccUrl],methods=[GET]}" onto public com.bingosoft.models.msg.BaseMessage com.bingosoft.web.controller.GoodsController.getCmccUrl(javax.servlet.http.HttpServletRequest) throws com.bingosoft.web.exception.WechatException
2018-04-23 09:10:05.810 [main] INFO  o.s.w.s.m.m.a.RequestMappingHandlerMapping -Mapped "{[/goods/api/v1/getFlowInfo],methods=[GET]}" onto public com.bingosoft.models.msg.ResponseMessage<com.bingosoft.models.dto.UserFlowInfoOutputDto> com.bingosoft.web.controller.GoodsController.getFlowInfo(javax.servlet.http.HttpServletRequest)
2018-04-23 09:10:05.810 [main] INFO  o.s.w.s.m.m.a.RequestMappingHandlerMapping -Mapped "{[/goods/api/v1/restOrderNews],methods=[POST]}" onto public com.bingosoft.models.msg.BaseMessage com.bingosoft.web.controller.GoodsController.restOrderNews(javax.servlet.http.HttpServletRequest)
2018-04-23 09:10:05.810 [main] INFO  o.s.w.s.m.m.a.RequestMappingHandlerMapping -Mapped "{[/goods/api/v1/bindTelPhone],methods=[POST]}" onto public com.bingosoft.models.msg.ResponseMessage<com.bingosoft.models.dto.BindUserInfoOutputDto> com.bingosoft.web.controller.GoodsController.bindTelPhone(javax.servlet.http.HttpServletRequest,com.bingosoft.models.dto.TelPhoneInputDto) throws com.bingosoft.web.exception.WechatException
2018-04-23 09:10:05.810 [main] INFO  o.s.w.s.m.m.a.RequestMappingHandlerMapping -Mapped "{[/goods/api/v1/testReis],methods=[GET]}" onto public com.bingosoft.models.msg.ResponseMessage<java.lang.String> com.bingosoft.web.controller.GoodsController.testReis(javax.servlet.http.HttpServletRequest)
2018-04-23 09:10:05.810 [main] INFO  o.s.w.s.m.m.a.RequestMappingHandlerMapping -Mapped "{[/goods/api/v1/getHomeArticleList],methods=[GET]}" onto public com.bingosoft.models.msg.ResponseMessage<java.util.List<com.bingosoft.models.dto.ArticleInfoOutputDto>> com.bingosoft.web.controller.GoodsController.getHomeArticleList(int,int)
2018-04-23 09:10:05.810 [main] INFO  o.s.w.s.m.m.a.RequestMappingHandlerMapping -Mapped "{[/goods/api/v1/getArticleCategoryList],methods=[GET]}" onto public com.bingosoft.models.msg.ResponseMessage<java.util.List<com.bingosoft.models.dto.ArticleCategoryOutputDto>> com.bingosoft.web.controller.GoodsController.getArticleCategoryList(int)
2018-04-23 09:10:05.810 [main] INFO  o.s.w.s.m.m.a.RequestMappingHandlerMapping -Mapped "{[/goods/api/v1/getGoodsCategoryList],methods=[GET]}" onto public com.bingosoft.models.msg.ResponseMessage<java.util.List<com.bingosoft.models.dto.GoodsCategoryOutputDto>> com.bingosoft.web.controller.GoodsController.getGoodsCategoryList(int)
2018-04-23 09:10:05.810 [main] INFO  o.s.w.s.m.m.a.RequestMappingHandlerMapping -Mapped "{[/goods/api/v1/getGoodsByCategory],methods=[GET]}" onto public com.bingosoft.models.msg.ResponseMessage<com.bingosoft.models.dto.GoodsCategoryInfoOutputDto> com.bingosoft.web.controller.GoodsController.getGoodsByCategory(int)
2018-04-23 09:10:05.810 [main] INFO  o.s.w.s.m.m.a.RequestMappingHandlerMapping -Mapped "{[/goods/api/v1/addGoodsCollection],methods=[POST]}" onto public com.bingosoft.models.msg.BaseMessage com.bingosoft.web.controller.GoodsController.addGoodsCollection(javax.servlet.http.HttpServletRequest,int,int)
2018-04-23 09:10:05.810 [main] INFO  o.s.w.s.m.m.a.RequestMappingHandlerMapping -Mapped "{[/goods/api/v1/isGoodsCollection],methods=[POST]}" onto public com.bingosoft.models.msg.BaseMessage com.bingosoft.web.controller.GoodsController.isGoodsCollection(javax.servlet.http.HttpServletRequest,int)
2018-04-23 09:10:05.810 [main] INFO  o.s.w.s.m.m.a.RequestMappingHandlerMapping -Mapped "{[/goods/api/v1/getCollectionGoodsId],methods=[GET]}" onto public com.bingosoft.models.msg.ResponseMessage<java.util.List<com.bingosoft.models.dto.GoodsIdCollectionOutputDto>> com.bingosoft.web.controller.GoodsController.getCollectionGoodsId(javax.servlet.http.HttpServletRequest,int)
2018-04-23 09:10:05.810 [main] INFO  o.s.w.s.m.m.a.RequestMappingHandlerMapping -Mapped "{[/goods/api/v1/delGoodsCollection],methods=[POST]}" onto public com.bingosoft.models.msg.BaseMessage com.bingosoft.web.controller.GoodsController.delGoodsCollection(javax.servlet.http.HttpServletRequest,int)
2018-04-23 09:10:05.810 [main] INFO  o.s.w.s.m.m.a.RequestMappingHandlerMapping -Mapped "{[/goods/api/v1/getGoodsCollection],methods=[GET]}" onto public com.bingosoft.models.msg.ResponseMessage<java.util.List<com.bingosoft.models.dto.GoodsCollectionOutputDto>> com.bingosoft.web.controller.GoodsController.getGoodsCollection(javax.servlet.http.HttpServletRequest,int,int)
2018-04-23 09:10:05.810 [main] INFO  o.s.w.s.m.m.a.RequestMappingHandlerMapping -Mapped "{[/goods/api/v1/getHotGoodsCategory],methods=[GET]}" onto public com.bingosoft.models.msg.ResponseMessage<java.util.List<com.bingosoft.models.dto.HotGoodsCategoryOutputDto>> com.bingosoft.web.controller.GoodsController.getHotGoodsCategory(int,int)
2018-04-23 09:10:05.810 [main] INFO  o.s.w.s.m.m.a.RequestMappingHandlerMapping -Mapped "{[/goods/api/v1/getOrderNewsCount],methods=[GET]}" onto public com.bingosoft.models.msg.ResponseMessage<com.bingosoft.models.dto.GoodsCountOutputDto> com.bingosoft.web.controller.GoodsController.getOrderNewsCount(javax.servlet.http.HttpServletRequest)
2018-04-23 09:10:05.810 [main] INFO  o.s.w.s.m.m.a.RequestMappingHandlerMapping -Mapped "{[/goods/api/v1/getHotCategoryGoodsSaleCount],methods=[GET]}" onto public com.bingosoft.models.msg.ResponseMessage<java.util.List<com.bingosoft.models.dto.HotCategoryGoodsOutputDto>> com.bingosoft.web.controller.GoodsController.getHotCategoryGoodsSaleCount(javax.servlet.http.HttpServletRequest)
2018-04-23 09:10:05.821 [main] INFO  o.s.w.s.m.m.a.RequestMappingHandlerMapping -Mapped "{[/goods/api/v2/getUserInfo],methods=[GET]}" onto public com.bingosoft.models.msg.ResponseMessage<com.bingosoft.models.dto.UserInfoOutputDto> com.bingosoft.web.controller.GoodsV2Controller.getUserInfo(javax.servlet.http.HttpServletRequest)
2018-04-23 09:10:05.821 [main] INFO  o.s.w.s.m.m.a.RequestMappingHandlerMapping -Mapped "{[/goods/api/v2/getFlowInfo.new],methods=[GET]}" onto public com.bingosoft.models.msg.ResponseMessage<com.bingosoft.models.dto.UserFlowInfoOutputDto> com.bingosoft.web.controller.GoodsV2Controller.getFlowInfo2(javax.servlet.http.HttpServletRequest)
2018-04-23 09:10:05.821 [main] INFO  o.s.w.s.m.m.a.RequestMappingHandlerMapping -Mapped "{[/goods/api/v2/getGoodsInfo],methods=[GET]}" onto public com.bingosoft.models.msg.ResponseMessage<com.bingosoft.models.dto.GoodsItemInfoOutputDto> com.bingosoft.web.controller.GoodsV2Controller.getGoodsInfo(int)
2018-04-23 09:10:05.821 [main] INFO  o.s.w.s.m.m.a.RequestMappingHandlerMapping -Mapped "{[/goods/api/v2/getAdList],methods=[GET]}" onto public com.bingosoft.models.msg.ResponseMessage<java.util.List<com.bingosoft.models.dto.AdInfoOutputDto>> com.bingosoft.web.controller.GoodsV2Controller.getAdList(int)
2018-04-23 09:10:05.821 [main] INFO  o.s.w.s.m.m.a.RequestMappingHandlerMapping -Mapped "{[/goods/api/v2/getArticleList],methods=[GET]}" onto public com.bingosoft.models.msg.ResponseMessage<java.util.List<com.bingosoft.models.dto.ArticleOutputDto>> com.bingosoft.web.controller.GoodsV2Controller.getArticleList(int,int,int,int)
2018-04-23 09:10:05.821 [main] INFO  o.s.w.s.m.m.a.RequestMappingHandlerMapping -Mapped "{[/goods/api/v2/getArticleInfo],methods=[GET]}" onto public com.bingosoft.models.msg.ResponseMessage<com.bingosoft.models.dto.ArticleInfoItemOutputDto> com.bingosoft.web.controller.GoodsV2Controller.getArticleInfo(int)
2018-04-23 09:10:05.821 [main] INFO  o.s.w.s.m.m.a.RequestMappingHandlerMapping -Mapped "{[/goods/api/v2/getOrderDetail],methods=[GET]}" onto public com.bingosoft.models.msg.ResponseMessage<com.bingosoft.models.dto.OrderDetailOutputDto> com.bingosoft.web.controller.GoodsV2Controller.getOrderDetail(javax.servlet.http.HttpServletRequest,long)
2018-04-23 09:10:05.821 [main] INFO  o.s.w.s.m.m.a.RequestMappingHandlerMapping -Mapped "{[/goods/api/v2/getBrowseRecords],methods=[GET]}" onto public com.bingosoft.models.msg.ResponseMessage<java.util.List<com.bingosoft.models.dto.BrowseRecords2MonthOutputDto>> com.bingosoft.web.controller.GoodsV2Controller.getBrowseRecords(javax.servlet.http.HttpServletRequest,int,int)
2018-04-23 09:10:05.821 [main] INFO  o.s.w.s.m.m.a.RequestMappingHandlerMapping -Mapped "{[/goods/api/v2/addBrowseRecords],methods=[POST]}" onto public com.bingosoft.models.msg.BaseMessage com.bingosoft.web.controller.GoodsV2Controller.addBrowseRecords(javax.servlet.http.HttpServletRequest,com.bingosoft.models.dto.BrowseInputDto)
2018-04-23 09:10:05.821 [main] INFO  o.s.w.s.m.m.a.RequestMappingHandlerMapping -Mapped "{[/goods/api/v2/getUserMoney],methods=[GET]}" onto public com.bingosoft.models.msg.ResponseMessage<com.bingosoft.models.dto.UserBalance> com.bingosoft.web.controller.GoodsV2Controller.getUserMoney(javax.servlet.http.HttpServletRequest,double)
2018-04-23 09:10:05.821 [main] INFO  o.s.w.s.m.m.a.RequestMappingHandlerMapping -Mapped "{[/goods/api/v2/getCategoryId],methods=[GET]}" onto public com.bingosoft.models.msg.ResponseMessage<com.bingosoft.models.dto.GoodsCategoryIdOutputDto> com.bingosoft.web.controller.GoodsV2Controller.getCategoryId(int)
2018-04-23 09:10:05.821 [main] INFO  o.s.w.s.m.m.a.RequestMappingHandlerMapping -Mapped "{[/goods/api/v2/orderGoods],methods=[POST]}" onto public com.bingosoft.models.msg.ResponseMessage<java.lang.String> com.bingosoft.web.controller.GoodsV2Controller.orderGoods(javax.servlet.http.HttpServletRequest,com.bingosoft.models.input.dto.OrderInputDto)
2018-04-23 09:10:05.821 [main] INFO  o.s.w.s.m.m.a.RequestMappingHandlerMapping -Mapped "{[/goods/api/v2/getOrderList],methods=[GET]}" onto public com.bingosoft.models.msg.ResponseMessage<java.util.List<com.bingosoft.models.dto.OrderItemListOutputDto>> com.bingosoft.web.controller.GoodsV2Controller.getOrderList(javax.servlet.http.HttpServletRequest,int,int)
2018-04-23 09:10:05.821 [main] INFO  o.s.w.s.m.m.a.RequestMappingHandlerMapping -Mapped "{[/goods/api/v2/getNewsList],methods=[GET]}" onto public com.bingosoft.models.msg.ResponseMessage<java.util.List<com.bingosoft.models.dto.OrderNewListOutputDto>> com.bingosoft.web.controller.GoodsV2Controller.getNewsList(javax.servlet.http.HttpServletRequest,int,int)
2018-04-23 09:10:05.821 [main] INFO  o.s.w.s.m.m.a.RequestMappingHandlerMapping -Mapped "{[/goods/api/v2/getNewItem],methods=[GET]}" onto public com.bingosoft.models.msg.ResponseMessage<com.bingosoft.models.dto.OrderNewItemOutputDto> com.bingosoft.web.controller.GoodsV2Controller.getNewsItem(javax.servlet.http.HttpServletRequest,long)
2018-04-23 09:10:05.821 [main] INFO  o.s.w.s.m.m.a.RequestMappingHandlerMapping -Mapped "{[/goods/api/v2/getJsSignature],methods=[POST]}" onto public com.bingosoft.models.msg.ResponseMessage<com.bingosoft.models.dto.JsSignatureDto> com.bingosoft.web.controller.GoodsV2Controller.getJsSignature(javax.servlet.http.HttpServletRequest,com.bingosoft.models.input.dto.SignatureUrlInputDto) throws com.bingosoft.web.exception.WechatException
2018-04-23 09:10:05.821 [main] INFO  o.s.w.s.m.m.a.RequestMappingHandlerMapping -Mapped "{[/goods/api/v2/getCmccUrl],methods=[GET]}" onto public com.bingosoft.models.msg.BaseMessage com.bingosoft.web.controller.GoodsV2Controller.getCmccUrl(javax.servlet.http.HttpServletRequest) throws com.bingosoft.web.exception.WechatException
2018-04-23 09:10:05.821 [main] INFO  o.s.w.s.m.m.a.RequestMappingHandlerMapping -Mapped "{[/goods/api/v2/getFlowInfo],methods=[GET]}" onto public com.bingosoft.models.msg.ResponseMessage<com.bingosoft.models.dto.UserFlowInfoOutputDto> com.bingosoft.web.controller.GoodsV2Controller.getFlowInfo(javax.servlet.http.HttpServletRequest)
2018-04-23 09:10:05.821 [main] INFO  o.s.w.s.m.m.a.RequestMappingHandlerMapping -Mapped "{[/goods/api/v2/restOrderNews],methods=[POST]}" onto public com.bingosoft.models.msg.BaseMessage com.bingosoft.web.controller.GoodsV2Controller.restOrderNews(javax.servlet.http.HttpServletRequest)
2018-04-23 09:10:05.821 [main] INFO  o.s.w.s.m.m.a.RequestMappingHandlerMapping -Mapped "{[/goods/api/v2/bindTelPhone],methods=[POST]}" onto public com.bingosoft.models.msg.ResponseMessage<com.bingosoft.models.dto.BindUserInfoOutputDto> com.bingosoft.web.controller.GoodsV2Controller.bindTelPhone(javax.servlet.http.HttpServletRequest,com.bingosoft.models.dto.TelPhoneInputDto) throws com.bingosoft.web.exception.WechatException
2018-04-23 09:10:05.821 [main] INFO  o.s.w.s.m.m.a.RequestMappingHandlerMapping -Mapped "{[/goods/api/v2/MarkActHandle],methods=[POST]}" onto public com.bingosoft.models.msg.BaseMessage com.bingosoft.web.controller.GoodsV2Controller.MarkActHandle(javax.servlet.http.HttpServletRequest,com.bingosoft.models.input.dto.OrderInputDto)
2018-04-23 09:10:05.821 [main] INFO  o.s.w.s.m.m.a.RequestMappingHandlerMapping -Mapped "{[/goods/api/v2/orderGoods.new],methods=[POST]}" onto public com.bingosoft.models.msg.ResponseMessage<com.bingosoft.models.dto.UpGradeInfoOutputDto> com.bingosoft.web.controller.GoodsV2Controller.order2(javax.servlet.http.HttpServletRequest,com.bingosoft.models.input.dto.OrderInputDto)
2018-04-23 09:10:05.821 [main] INFO  o.s.w.s.m.m.a.RequestMappingHandlerMapping -Mapped "{[/goods/api/v2/orderAllGoods],methods=[POST]}" onto public com.bingosoft.models.msg.ResponseMessage<java.lang.String> com.bingosoft.web.controller.GoodsV2Controller.orderAllGoods(javax.servlet.http.HttpServletRequest,com.bingosoft.models.input.dto.OrderInputDto)
2018-04-23 09:10:05.821 [main] INFO  o.s.w.s.m.m.a.RequestMappingHandlerMapping -Mapped "{[/goods/api/v2/getUserMoney.new],methods=[GET]}" onto public com.bingosoft.models.msg.ResponseMessage<com.bingosoft.models.dto.UserBalance> com.bingosoft.web.controller.GoodsV2Controller.getUserMoney2(javax.servlet.http.HttpServletRequest,double)
2018-04-23 09:10:05.821 [main] INFO  o.s.w.s.m.m.a.RequestMappingHandlerMapping -Mapped "{[/goods/api/v2/tccOrder],methods=[POST]}" onto public com.bingosoft.models.msg.BaseMessage com.bingosoft.web.controller.GoodsV2Controller.tccOrder(javax.servlet.http.HttpServletRequest,java.lang.String) throws com.bingosoft.web.exception.WechatException
2018-04-23 09:10:05.821 [main] INFO  o.s.w.s.m.m.a.RequestMappingHandlerMapping -Mapped "{[/goods/api/v2/getUserGrade],methods=[GET]}" onto public com.bingosoft.models.msg.ResponseMessage<com.bingosoft.models.dto.UserGradeUpOutputDto> com.bingosoft.web.controller.GoodsV2Controller.getUserGrade(javax.servlet.http.HttpServletRequest)
2018-04-23 09:10:05.821 [main] INFO  o.s.w.s.m.m.a.RequestMappingHandlerMapping -Mapped "{[/goods/api/v2/getUserCurGrade],methods=[GET]}" onto public com.bingosoft.models.msg.ResponseMessage<com.bingosoft.models.dto.UserCurGradeOutputDto> com.bingosoft.web.controller.GoodsV2Controller.getUserCurGrade(javax.servlet.http.HttpServletRequest)
2018-04-23 09:10:05.821 [main] INFO  o.s.w.s.m.m.a.RequestMappingHandlerMapping -Mapped "{[/goods/api/v2/getGoodsById],methods=[GET]}" onto public com.bingosoft.models.msg.ResponseMessage<com.bingosoft.models.dto.GoodsInfosOutputDto> com.bingosoft.web.controller.GoodsV2Controller.getGoodsById(javax.servlet.http.HttpServletRequest,long)
2018-04-23 09:10:05.821 [main] INFO  o.s.w.s.m.m.a.RequestMappingHandlerMapping -Mapped "{[/goods/api/v2/getPackageList],methods=[GET]}" onto public com.bingosoft.models.msg.ResponseMessage<java.util.List<com.bingosoft.models.dto.GoodsCategoryDto>> com.bingosoft.web.controller.GoodsV2Controller.getPackageList(javax.servlet.http.HttpServletRequest,int)
2018-04-23 09:10:05.821 [main] INFO  o.s.w.s.m.m.a.RequestMappingHandlerMapping -Mapped "{[/goods/api/v2/getHotGoods],methods=[GET]}" onto public com.bingosoft.models.msg.ResponseMessage<java.util.List<com.bingosoft.models.dto.HotGoodsInfoOutputDto>> com.bingosoft.web.controller.GoodsV2Controller.getHotGoods(javax.servlet.http.HttpServletRequest)
2018-04-23 09:10:05.821 [main] INFO  o.s.w.s.m.m.a.RequestMappingHandlerMapping -Mapped "{[/goods/api/v2/sendSms],methods=[POST]}" onto public com.bingosoft.models.msg.BaseMessage com.bingosoft.web.controller.GoodsV2Controller.sendSms(javax.servlet.http.HttpServletRequest)
2018-04-23 09:10:05.821 [main] INFO  o.s.w.s.m.m.a.RequestMappingHandlerMapping -Mapped "{[/goods/api/v2/getHomeArticleList],methods=[GET]}" onto public com.bingosoft.models.msg.ResponseMessage<java.util.List<com.bingosoft.models.dto.ArticleInfoOutputDto>> com.bingosoft.web.controller.GoodsV2Controller.getHomeArticleList(int,int)
2018-04-23 09:10:05.821 [main] INFO  o.s.w.s.m.m.a.RequestMappingHandlerMapping -Mapped "{[/goods/api/v2/getArticleCategoryList],methods=[GET]}" onto public com.bingosoft.models.msg.ResponseMessage<java.util.List<com.bingosoft.models.dto.ArticleCategoryOutputDto>> com.bingosoft.web.controller.GoodsV2Controller.getArticleCategoryList(int)
2018-04-23 09:10:05.821 [main] INFO  o.s.w.s.m.m.a.RequestMappingHandlerMapping -Mapped "{[/goods/api/v2/getGoodsCategoryList],methods=[GET]}" onto public com.bingosoft.models.msg.ResponseMessage<java.util.List<com.bingosoft.models.dto.GoodsCategoryOutputDto>> com.bingosoft.web.controller.GoodsV2Controller.getGoodsCategoryList(int)
2018-04-23 09:10:05.821 [main] INFO  o.s.w.s.m.m.a.RequestMappingHandlerMapping -Mapped "{[/goods/api/v2/getGoodsByCategory],methods=[GET]}" onto public com.bingosoft.models.msg.ResponseMessage<com.bingosoft.models.dto.GoodsCategoryInfoOutputDto> com.bingosoft.web.controller.GoodsV2Controller.getGoodsByCategory(int)
2018-04-23 09:10:05.821 [main] INFO  o.s.w.s.m.m.a.RequestMappingHandlerMapping -Mapped "{[/goods/api/v2/addGoodsCollection],methods=[POST]}" onto public com.bingosoft.models.msg.BaseMessage com.bingosoft.web.controller.GoodsV2Controller.addGoodsCollection(javax.servlet.http.HttpServletRequest,int,int)
2018-04-23 09:10:05.831 [main] INFO  o.s.w.s.m.m.a.RequestMappingHandlerMapping -Mapped "{[/goods/api/v2/isGoodsCollection],methods=[POST]}" onto public com.bingosoft.models.msg.BaseMessage com.bingosoft.web.controller.GoodsV2Controller.isGoodsCollection(javax.servlet.http.HttpServletRequest,int)
2018-04-23 09:10:05.831 [main] INFO  o.s.w.s.m.m.a.RequestMappingHandlerMapping -Mapped "{[/goods/api/v2/getCollectionGoodsId],methods=[GET]}" onto public com.bingosoft.models.msg.ResponseMessage<java.util.List<com.bingosoft.models.dto.GoodsIdCollectionOutputDto>> com.bingosoft.web.controller.GoodsV2Controller.getCollectionGoodsId(javax.servlet.http.HttpServletRequest,int)
2018-04-23 09:10:05.831 [main] INFO  o.s.w.s.m.m.a.RequestMappingHandlerMapping -Mapped "{[/goods/api/v2/delGoodsCollection],methods=[POST]}" onto public com.bingosoft.models.msg.BaseMessage com.bingosoft.web.controller.GoodsV2Controller.delGoodsCollection(javax.servlet.http.HttpServletRequest,int)
2018-04-23 09:10:05.831 [main] INFO  o.s.w.s.m.m.a.RequestMappingHandlerMapping -Mapped "{[/goods/api/v2/getGoodsCollection],methods=[GET]}" onto public com.bingosoft.models.msg.ResponseMessage<java.util.List<com.bingosoft.models.dto.GoodsCollectionOutputDto>> com.bingosoft.web.controller.GoodsV2Controller.getGoodsCollection(javax.servlet.http.HttpServletRequest,int,int)
2018-04-23 09:10:05.831 [main] INFO  o.s.w.s.m.m.a.RequestMappingHandlerMapping -Mapped "{[/goods/api/v2/getHotGoodsCategory],methods=[GET]}" onto public com.bingosoft.models.msg.ResponseMessage<java.util.List<com.bingosoft.models.dto.HotGoodsCategoryOutputDto>> com.bingosoft.web.controller.GoodsV2Controller.getHotGoodsCategory(int,int)
2018-04-23 09:10:05.831 [main] INFO  o.s.w.s.m.m.a.RequestMappingHandlerMapping -Mapped "{[/goods/api/v2/getOrderNewsCount],methods=[GET]}" onto public com.bingosoft.models.msg.ResponseMessage<com.bingosoft.models.dto.GoodsCountOutputDto> com.bingosoft.web.controller.GoodsV2Controller.getOrderNewsCount(javax.servlet.http.HttpServletRequest)
2018-04-23 09:10:05.831 [main] INFO  o.s.w.s.m.m.a.RequestMappingHandlerMapping -Mapped "{[/goods/api/v2/getHotCategoryGoodsSaleCount],methods=[GET]}" onto public com.bingosoft.models.msg.ResponseMessage<java.util.List<com.bingosoft.models.dto.HotCategoryGoodsOutputDto>> com.bingosoft.web.controller.GoodsV2Controller.getHotCategoryGoodsSaleCount(javax.servlet.http.HttpServletRequest)
2018-04-23 09:10:05.831 [main] INFO  o.s.w.s.m.m.a.RequestMappingHandlerMapping -Mapped "{[/getNewList],methods=[GET]}" onto public com.bingosoft.models.msg.ResponseMessage<java.util.List<com.bingosoft.models.dto.OrderNewListOutputDto>> com.bingosoft.web.controller.HelloController.getNewList(int,int,int)
2018-04-23 09:10:05.831 [main] INFO  o.s.w.s.m.m.a.RequestMappingHandlerMapping -Mapped "{[/Hello],methods=[GET]}" onto public java.lang.String com.bingosoft.web.controller.HelloController.Hello()
2018-04-23 09:10:05.831 [main] INFO  o.s.w.s.m.m.a.RequestMappingHandlerMapping -Mapped "{[/login],methods=[GET]}" onto public void com.bingosoft.web.controller.LoginController.weLogin(java.lang.String,java.lang.String,java.lang.String,javax.servlet.http.HttpServletResponse)
2018-04-23 09:10:05.831 [main] INFO  o.s.w.s.m.m.a.RequestMappingHandlerMapping -Mapped "{[/login2url],methods=[GET]}" onto public void com.bingosoft.web.controller.LoginController.weLogin2(java.lang.String,java.lang.String,java.lang.String,javax.servlet.http.HttpServletResponse)
2018-04-23 09:10:05.831 [main] INFO  o.s.w.s.m.m.a.RequestMappingHandlerMapping -Mapped "{[/locallogin],methods=[GET]}" onto public void com.bingosoft.web.controller.LoginController.weLocalLogin(java.lang.String,java.lang.String,java.lang.String,javax.servlet.http.HttpServletResponse,javax.servlet.http.HttpServletRequest)
2018-04-23 09:10:05.831 [main] INFO  o.s.w.s.m.m.a.RequestMappingHandlerMapping -Mapped "{[/operation/api/v1/telbindbycaptcha],methods=[POST]}" onto public com.bingosoft.models.msg.ResponseMessage<com.bingosoft.models.dto.BindUserInfoOutputDto> com.bingosoft.web.controller.OperationController.telbindbycaptcha(javax.servlet.http.HttpServletRequest,com.bingosoft.models.dto.TelPhoneInputDto) throws com.bingosoft.web.exception.WechatException
2018-04-23 09:10:05.831 [main] INFO  o.s.w.s.m.m.a.RequestMappingHandlerMapping -Mapped "{[/operation/api/v1/sendCaptcha],methods=[POST]}" onto public com.bingosoft.models.msg.BaseMessage com.bingosoft.web.controller.OperationController.sendCaptcha(javax.servlet.http.HttpServletRequest,com.bingosoft.models.dto.CaptchaInputDto) throws com.bingosoft.web.exception.WechatException
2018-04-23 09:10:05.831 [main] INFO  o.s.w.s.m.m.a.RequestMappingHandlerMapping -Mapped "{[/search/api/v1/sShortAddMode],methods=[POST]}" onto public com.bingosoft.models.msg.ResponseMessage<java.lang.Object> com.bingosoft.web.controller.SearchController.ShortAddMode(javax.servlet.http.HttpServletRequest,com.bingosoft.models.dto.SearchShortAddModeInputDto)
2018-04-23 09:10:05.831 [main] INFO  o.s.w.s.m.m.a.RequestMappingHandlerMapping -Mapped "{[/wx.share/api/v1/game.share],methods=[POST]}" onto public com.bingosoft.models.msg.BaseMessage com.bingosoft.web.controller.WxShareController.shareGoods(javax.servlet.http.HttpServletRequest,com.bingosoft.models.dto.SahreInputDto)
2018-04-23 09:10:05.831 [main] INFO  o.s.w.s.m.m.a.RequestMappingHandlerMapping -Mapped "{[/v2/api-docs],methods=[GET],produces=[application/json || application/hal+json]}" onto public org.springframework.http.ResponseEntity<springfox.documentation.spring.web.json.Json> springfox.documentation.swagger2.web.Swagger2Controller.getDocumentation(java.lang.String,javax.servlet.http.HttpServletRequest)
2018-04-23 09:10:05.831 [main] INFO  o.s.w.s.m.m.a.RequestMappingHandlerMapping -Mapped "{[/swagger-resources/configuration/ui]}" onto org.springframework.http.ResponseEntity<springfox.documentation.swagger.web.UiConfiguration> springfox.documentation.swagger.web.ApiResourceController.uiConfiguration()
2018-04-23 09:10:05.831 [main] INFO  o.s.w.s.m.m.a.RequestMappingHandlerMapping -Mapped "{[/swagger-resources]}" onto org.springframework.http.ResponseEntity<java.util.List<springfox.documentation.swagger.web.SwaggerResource>> springfox.documentation.swagger.web.ApiResourceController.swaggerResources()
2018-04-23 09:10:05.841 [main] INFO  o.s.w.s.m.m.a.RequestMappingHandlerMapping -Mapped "{[/swagger-resources/configuration/security]}" onto org.springframework.http.ResponseEntity<springfox.documentation.swagger.web.SecurityConfiguration> springfox.documentation.swagger.web.ApiResourceController.securityConfiguration()
2018-04-23 09:10:05.841 [main] INFO  o.s.w.s.m.m.a.RequestMappingHandlerMapping -Mapped "{[/error]}" onto public org.springframework.http.ResponseEntity<java.util.Map<java.lang.String, java.lang.Object>> org.springframework.boot.autoconfigure.web.BasicErrorController.error(javax.servlet.http.HttpServletRequest)
2018-04-23 09:10:05.841 [main] INFO  o.s.w.s.m.m.a.RequestMappingHandlerMapping -Mapped "{[/error],produces=[text/html]}" onto public org.springframework.web.servlet.ModelAndView org.springframework.boot.autoconfigure.web.BasicErrorController.errorHtml(javax.servlet.http.HttpServletRequest,javax.servlet.http.HttpServletResponse)
2018-04-23 09:10:07.346 [main] INFO  c.b.w.c.RocketMQProducerConfiguration -producer is start ! groupName:[vehicleProducerGroup],namesrvAddr:[103.40.102.157:9876]
2018-04-23 09:10:07.435 [main] INFO  o.s.w.s.h.SimpleUrlHandlerMapping -Mapped URL path [/swagger-ui.html] onto handler of type [class org.springframework.web.servlet.resource.ResourceHttpRequestHandler]
2018-04-23 09:10:07.435 [main] INFO  o.s.w.s.h.SimpleUrlHandlerMapping -Mapped URL path [/webjars/**] onto handler of type [class org.springframework.web.servlet.resource.ResourceHttpRequestHandler]
2018-04-23 09:10:07.545 [main] INFO  o.s.w.s.m.m.a.RequestMappingHandlerAdapter -Looking for @ControllerAdvice: org.springframework.boot.context.embedded.AnnotationConfigEmbeddedWebApplicationContext@1a4927d6: startup date [Mon Apr 23 09:09:45 CST 2018]; root of context hierarchy
2018-04-23 09:10:07.555 [main] INFO  o.s.w.s.m.m.a.RequestMappingHandlerAdapter -Detected ResponseBodyAdvice bean in jsonpAdvice
2018-04-23 09:10:07.605 [main] INFO  o.s.w.s.m.m.a.ExceptionHandlerExceptionResolver -Detected @ExceptionHandler methods in globalExceptionHandler
2018-04-23 09:10:07.605 [main] INFO  o.s.w.s.m.m.a.ExceptionHandlerExceptionResolver -Detected ResponseBodyAdvice implementation in jsonpAdvice
2018-04-23 09:10:10.322 [main] INFO  o.s.j.e.a.AnnotationMBeanExporter -Registering beans for JMX exposure on startup
2018-04-23 09:10:10.373 [main] INFO  o.s.c.s.DefaultLifecycleProcessor -Starting beans in phase 2147483647
2018-04-23 09:10:10.373 [main] INFO  s.d.s.w.p.DocumentationPluginsBootstrapper -Context refreshed
2018-04-23 09:10:10.526 [main] INFO  s.d.s.w.p.DocumentationPluginsBootstrapper -Found 1 custom documentation plugin(s)
2018-04-23 09:10:10.609 [main] INFO  s.d.s.w.s.ApiListingReferenceScanner -Scanning for api listing references
2018-04-23 09:10:11.930 [main] INFO  s.d.s.w.r.o.CachingOperationNameGenerator -Generating unique operation named: addBrowseRecordsUsingPOST_1
2018-04-23 09:10:11.940 [main] INFO  s.d.s.w.r.o.CachingOperationNameGenerator -Generating unique operation named: addGoodsCollectionUsingPOST_1
2018-04-23 09:10:11.961 [main] INFO  s.d.s.w.r.o.CachingOperationNameGenerator -Generating unique operation named: bindTelPhoneUsingPOST_1
2018-04-23 09:10:11.981 [main] INFO  s.d.s.w.r.o.CachingOperationNameGenerator -Generating unique operation named: delGoodsCollectionUsingPOST_1
2018-04-23 09:10:12.001 [main] INFO  s.d.s.w.r.o.CachingOperationNameGenerator -Generating unique operation named: getAdListUsingGET_1
2018-04-23 09:10:12.021 [main] INFO  s.d.s.w.r.o.CachingOperationNameGenerator -Generating unique operation named: getArticleCategoryListUsingGET_1
2018-04-23 09:10:12.041 [main] INFO  s.d.s.w.r.o.CachingOperationNameGenerator -Generating unique operation named: getArticleInfoUsingGET_1
2018-04-23 09:10:12.061 [main] INFO  s.d.s.w.r.o.CachingOperationNameGenerator -Generating unique operation named: getArticleListUsingGET_1
2018-04-23 09:10:12.081 [main] INFO  s.d.s.w.r.o.CachingOperationNameGenerator -Generating unique operation named: getBrowseRecordsUsingGET_1
2018-04-23 09:10:12.101 [main] INFO  s.d.s.w.r.o.CachingOperationNameGenerator -Generating unique operation named: getCategoryIdUsingGET_1
2018-04-23 09:10:12.134 [main] INFO  s.d.s.w.r.o.CachingOperationNameGenerator -Generating unique operation named: getCmccUrlUsingGET_1
2018-04-23 09:10:12.150 [main] INFO  s.d.s.w.r.o.CachingOperationNameGenerator -Generating unique operation named: getCollectionGoodsIdUsingGET_1
2018-04-23 09:10:12.170 [main] INFO  s.d.s.w.r.o.CachingOperationNameGenerator -Generating unique operation named: getFlowInfoUsingGET_1
2018-04-23 09:10:12.210 [main] INFO  s.d.s.w.r.o.CachingOperationNameGenerator -Generating unique operation named: getGoodsByCategoryUsingGET_1
2018-04-23 09:10:12.250 [main] INFO  s.d.s.w.r.o.CachingOperationNameGenerator -Generating unique operation named: getGoodsCategoryListUsingGET_1
2018-04-23 09:10:12.270 [main] INFO  s.d.s.w.r.o.CachingOperationNameGenerator -Generating unique operation named: getGoodsCollectionUsingGET_1
2018-04-23 09:10:12.290 [main] INFO  s.d.s.w.r.o.CachingOperationNameGenerator -Generating unique operation named: getGoodsInfoUsingGET_1
2018-04-23 09:10:12.310 [main] INFO  s.d.s.w.r.o.CachingOperationNameGenerator -Generating unique operation named: getHomeArticleListUsingGET_1
2018-04-23 09:10:12.340 [main] INFO  s.d.s.w.r.o.CachingOperationNameGenerator -Generating unique operation named: getHotCategoryGoodsSaleCountUsingGET_1
2018-04-23 09:10:12.390 [main] INFO  s.d.s.w.r.o.CachingOperationNameGenerator -Generating unique operation named: getHotGoodsCategoryUsingGET_1
2018-04-23 09:10:12.414 [main] INFO  s.d.s.w.r.o.CachingOperationNameGenerator -Generating unique operation named: getJsSignatureUsingPOST_1
2018-04-23 09:10:12.444 [main] INFO  s.d.s.w.r.o.CachingOperationNameGenerator -Generating unique operation named: getNewsItemUsingGET_1
2018-04-23 09:10:12.454 [main] INFO  s.d.s.w.r.o.CachingOperationNameGenerator -Generating unique operation named: getNewsListUsingGET_1
2018-04-23 09:10:12.484 [main] INFO  s.d.s.w.r.o.CachingOperationNameGenerator -Generating unique operation named: getOrderDetailUsingGET_1
2018-04-23 09:10:12.514 [main] INFO  s.d.s.w.r.o.CachingOperationNameGenerator -Generating unique operation named: getOrderListUsingGET_1
2018-04-23 09:10:12.534 [main] INFO  s.d.s.w.r.o.CachingOperationNameGenerator -Generating unique operation named: getOrderNewsCountUsingGET_1
2018-04-23 09:10:12.624 [main] INFO  s.d.s.w.r.o.CachingOperationNameGenerator -Generating unique operation named: getUserInfoUsingGET_1
2018-04-23 09:10:12.644 [main] INFO  s.d.s.w.r.o.CachingOperationNameGenerator -Generating unique operation named: getUserMoneyUsingGET_1
2018-04-23 09:10:12.677 [main] INFO  s.d.s.w.r.o.CachingOperationNameGenerator -Generating unique operation named: isGoodsCollectionUsingPOST_1
2018-04-23 09:10:12.737 [main] INFO  s.d.s.w.r.o.CachingOperationNameGenerator -Generating unique operation named: orderGoodsUsingPOST_1
2018-04-23 09:10:12.757 [main] INFO  s.d.s.w.r.o.CachingOperationNameGenerator -Generating unique operation named: restOrderNewsUsingPOST_1
2018-04-23 09:10:13.046 [main] INFO  o.s.b.c.e.u.UndertowEmbeddedServletContainer -Undertow started on port(s) 9876 (http)
2018-04-23 09:10:13.069 [main] INFO  com.bingosoft.web.ApiApplication -Started ApiApplication in 33.544 seconds (JVM running for 38.42)
2018-04-23 09:11:03.758 [XNIO-2 task-1] INFO  io.undertow.servlet -Initializing Spring FrameworkServlet 'dispatcherServlet'
2018-04-23 09:11:03.758 [XNIO-2 task-1] INFO  o.s.web.servlet.DispatcherServlet -FrameworkServlet 'dispatcherServlet': initialization started
2018-04-23 09:11:03.818 [XNIO-2 task-1] INFO  o.s.web.servlet.DispatcherServlet -FrameworkServlet 'dispatcherServlet': initialization completed in 59 ms
2018-04-23 09:11:03.882 [XNIO-2 task-1] INFO  c.b.web.controller.LoginController -.
2018-04-23 09:11:03.882 [XNIO-2 task-1] INFO  c.b.web.controller.LoginController -,code:null , state:null
2018-04-23 09:11:03.884 [XNIO-2 task-1] INFO  c.b.web.controller.LoginController -:, get Code URL:https://open.weixin.qq.com/connect/oauth2/authorize?appid=wx2e7288fdd5f458b7&redirect_uri=http://wx.10086.cn/sichuan/wxzq/llzq/login?url=http://www.baidu.com&response_type=code&scope=snsapi_userinfo&state=STAT#wechat_redirect
2018-04-23 09:11:55.991 [RMI TCP Connection(2)-127.0.0.1] INFO  o.s.b.a.SpringApplicationAdminMXBeanRegistrar$SpringApplicationAdmin -Application shutdown requested.
2018-04-23 09:11:55.991 [RMI TCP Connection(2)-127.0.0.1] INFO  o.s.b.c.e.AnnotationConfigEmbeddedWebApplicationContext -Closing org.springframework.boot.context.embedded.AnnotationConfigEmbeddedWebApplicationContext@1a4927d6: startup date [Mon Apr 23 09:09:45 CST 2018]; root of context hierarchy
2018-04-23 09:11:55.994 [RMI TCP Connection(2)-127.0.0.1] INFO  o.s.c.s.DefaultLifecycleProcessor -Stopping beans in phase 2147483647
2018-04-23 09:11:56.007 [RMI TCP Connection(2)-127.0.0.1] INFO  o.s.j.e.a.AnnotationMBeanExporter -Unregistering JMX-exposed beans on shutdown
2018-04-23 09:11:56.020 [RMI TCP Connection(2)-127.0.0.1] INFO  o.s.o.j.LocalContainerEntityManagerFactoryBean -Closing JPA EntityManagerFactory for persistence unit 'default'
2018-04-23 09:11:56.030 [RMI TCP Connection(2)-127.0.0.1] INFO  org.ehcache.core.EhcacheManager -Cache 'game_rule' removed from Eh107InternalCacheManager.
2018-04-23 09:11:56.030 [RMI TCP Connection(2)-127.0.0.1] INFO  org.ehcache.core.EhcacheManager -Cache 'goods_cate_list' removed from Eh107InternalCacheManager.
2018-04-23 09:11:56.030 [RMI TCP Connection(2)-127.0.0.1] INFO  org.ehcache.core.EhcacheManager -Cache 'goods_info' removed from Eh107InternalCacheManager.
2018-04-23 09:11:56.040 [RMI TCP Connection(2)-127.0.0.1] INFO  org.ehcache.core.EhcacheManager -Cache 'goods_info_prod' removed from Eh107InternalCacheManager.
2018-04-23 09:11:56.040 [RMI TCP Connection(2)-127.0.0.1] INFO  org.ehcache.core.EhcacheManager -Cache 'goods_pack' removed from Eh107InternalCacheManager.
2018-04-23 09:11:56.040 [RMI TCP Connection(2)-127.0.0.1] INFO  org.ehcache.core.EhcacheManager -Cache 'city' removed from Eh107InternalCacheManager.
2018-04-23 09:11:56.040 [RMI TCP Connection(2)-127.0.0.1] INFO  org.ehcache.core.EhcacheManager -Cache 'goods_cate' removed from Eh107InternalCacheManager.
2018-04-23 09:11:56.040 [RMI TCP Connection(2)-127.0.0.1] INFO  org.ehcache.core.EhcacheManager -Cache 'goods_sale' removed from Eh107InternalCacheManager.
2018-04-23 09:11:56.040 [RMI TCP Connection(2)-127.0.0.1] INFO  org.ehcache.core.EhcacheManager -Cache 'goods_info_id' removed from Eh107InternalCacheManager.
2018-04-23 09:11:56.040 [RMI TCP Connection(2)-127.0.0.1] INFO  org.ehcache.core.EhcacheManager -Cache 'cate_id' removed from Eh107InternalCacheManager.
2018-04-23 09:11:56.040 [RMI TCP Connection(2)-127.0.0.1] INFO  org.ehcache.core.EhcacheManager -Cache 'hot_goods_cate' removed from Eh107InternalCacheManager.
2018-04-23 09:11:56.040 [RMI TCP Connection(2)-127.0.0.1] INFO  io.undertow.servlet -Destroying Spring FrameworkServlet 'dispatcherServlet'
